{"/Users/xw/Documents/myBlog/index.js":{"path":"/Users/xw/Documents/myBlog/index.js","s":{"1":1,"2":1,"3":1,"4":1,"5":1,"6":1,"7":1,"8":1,"9":1,"10":1,"11":1,"12":1,"13":1,"14":1,"15":1,"16":1,"17":1,"18":1,"19":9,"20":9,"21":9,"22":9,"23":1,"24":1,"25":1,"26":1,"27":1,"28":0,"29":0,"30":1,"31":0},"b":{"1":[1,0]},"f":{"1":9,"2":0,"3":0},"fnMap":{"1":{"name":"(anonymous_1)","line":43,"loc":{"start":{"line":43,"column":8},"end":{"line":43,"column":30}}},"2":{"name":"(anonymous_2)","line":75,"loc":{"start":{"line":75,"column":25},"end":{"line":75,"column":35}}},"3":{"name":"(anonymous_3)","line":79,"loc":{"start":{"line":79,"column":14},"end":{"line":79,"column":27}}}},"statementMap":{"1":{"start":{"line":1,"column":0},"end":{"line":1,"column":35}},"2":{"start":{"line":2,"column":0},"end":{"line":2,"column":50}},"3":{"start":{"line":3,"column":0},"end":{"line":3,"column":29}},"4":{"start":{"line":4,"column":0},"end":{"line":4,"column":35}},"5":{"start":{"line":5,"column":0},"end":{"line":5,"column":22}},"6":{"start":{"line":6,"column":0},"end":{"line":6,"column":43}},"7":{"start":{"line":7,"column":0},"end":{"line":7,"column":52}},"8":{"start":{"line":8,"column":0},"end":{"line":8,"column":39}},"9":{"start":{"line":9,"column":0},"end":{"line":9,"column":49}},"10":{"start":{"line":10,"column":0},"end":{"line":10,"column":35}},"11":{"start":{"line":11,"column":0},"end":{"line":11,"column":59}},"12":{"start":{"line":14,"column":0},"end":{"line":14,"column":46}},"13":{"start":{"line":15,"column":0},"end":{"line":15,"column":29}},"14":{"start":{"line":16,"column":0},"end":{"line":16,"column":55}},"15":{"start":{"line":18,"column":0},"end":{"line":31,"column":4}},"16":{"start":{"line":33,"column":0},"end":{"line":33,"column":17}},"17":{"start":{"line":34,"column":0},"end":{"line":37,"column":4}},"18":{"start":{"line":39,"column":0},"end":{"line":48,"column":2}},"19":{"start":{"line":44,"column":4},"end":{"line":44,"column":39}},"20":{"start":{"line":45,"column":4},"end":{"line":45,"column":57}},"21":{"start":{"line":46,"column":4},"end":{"line":46,"column":53}},"22":{"start":{"line":47,"column":4},"end":{"line":47,"column":11}},"23":{"start":{"line":49,"column":0},"end":{"line":57,"column":4}},"24":{"start":{"line":58,"column":0},"end":{"line":58,"column":12}},"25":{"start":{"line":60,"column":0},"end":{"line":70,"column":4}},"26":{"start":{"line":72,"column":0},"end":{"line":78,"column":1}},"27":{"start":{"line":73,"column":3},"end":{"line":73,"column":24}},"28":{"start":{"line":75,"column":2},"end":{"line":77,"column":5}},"29":{"start":{"line":76,"column":5},"end":{"line":76,"column":67}},"30":{"start":{"line":79,"column":0},"end":{"line":81,"column":2}},"31":{"start":{"line":80,"column":4},"end":{"line":80,"column":27}}},"branchMap":{"1":{"line":72,"type":"if","locations":[{"start":{"line":72,"column":0},"end":{"line":72,"column":0}},{"start":{"line":72,"column":0},"end":{"line":72,"column":0}}]}}},"/Users/xw/Documents/myBlog/config/default.js":{"path":"/Users/xw/Documents/myBlog/config/default.js","s":{"1":1},"b":{},"f":{},"fnMap":{},"statementMap":{"1":{"start":{"line":1,"column":0},"end":{"line":9,"column":1}}},"branchMap":{}},"/Users/xw/Documents/myBlog/routes/index.js":{"path":"/Users/xw/Documents/myBlog/routes/index.js","s":{"1":1,"2":1,"3":1,"4":1,"5":1,"6":1,"7":1,"8":1,"9":1,"10":0,"11":0},"b":{"1":[0,0]},"f":{"1":1,"2":1,"3":0},"fnMap":{"1":{"name":"(anonymous_1)","line":2,"loc":{"start":{"line":2,"column":17},"end":{"line":2,"column":30}}},"2":{"name":"(anonymous_2)","line":3,"loc":{"start":{"line":3,"column":16},"end":{"line":3,"column":38}}},"3":{"name":"(anonymous_3)","line":11,"loc":{"start":{"line":11,"column":12},"end":{"line":11,"column":29}}}},"statementMap":{"1":{"start":{"line":2,"column":0},"end":{"line":16,"column":1}},"2":{"start":{"line":3,"column":4},"end":{"line":5,"column":7}},"3":{"start":{"line":4,"column":8},"end":{"line":4,"column":36}},"4":{"start":{"line":6,"column":4},"end":{"line":6,"column":41}},"5":{"start":{"line":7,"column":4},"end":{"line":7,"column":43}},"6":{"start":{"line":8,"column":4},"end":{"line":8,"column":45}},"7":{"start":{"line":9,"column":4},"end":{"line":9,"column":43}},"8":{"start":{"line":10,"column":4},"end":{"line":10,"column":47}},"9":{"start":{"line":11,"column":4},"end":{"line":15,"column":7}},"10":{"start":{"line":12,"column":6},"end":{"line":14,"column":7}},"11":{"start":{"line":13,"column":10},"end":{"line":13,"column":28}}},"branchMap":{"1":{"line":12,"type":"if","locations":[{"start":{"line":12,"column":6},"end":{"line":12,"column":6}},{"start":{"line":12,"column":6},"end":{"line":12,"column":6}}]}}},"/Users/xw/Documents/myBlog/routes/posts.js":{"path":"/Users/xw/Documents/myBlog/routes/posts.js","s":{"1":1,"2":1,"3":1,"4":1,"5":1,"6":1,"7":1,"8":0,"9":1,"10":0,"11":0,"12":0,"13":0,"14":0,"15":0,"16":0,"17":0,"18":0,"19":0,"20":0,"21":0,"22":0,"23":1,"24":1,"25":1,"26":1,"27":0,"28":0,"29":0,"30":0,"31":0,"32":0,"33":0,"34":0,"35":0,"36":0,"37":0,"38":0,"39":1,"40":0,"41":0,"42":0,"43":0,"44":0,"45":0,"46":0,"47":0,"48":1,"49":0,"50":0,"51":0,"52":0,"53":0,"54":0,"55":0,"56":0,"57":0,"58":0,"59":0,"60":0,"61":0,"62":0,"63":1,"64":0,"65":0,"66":0,"67":0,"68":0,"69":0,"70":0,"71":0,"72":0,"73":0,"74":0,"75":0,"76":0,"77":0,"78":0,"79":0,"80":0,"81":0,"82":0,"83":0,"84":1},"b":{"1":[0,0],"2":[0,0],"3":[0,0],"4":[0,0],"5":[0,0],"6":[0,0],"7":[0,0],"8":[0,0],"9":[0,0],"10":[0,0],"11":[0,0],"12":[0,0],"13":[0,0],"14":[0,0],"15":[0,0],"16":[0,0]},"f":{"1":0,"2":0,"3":0,"4":0,"5":1,"6":1,"7":0,"8":0,"9":0,"10":0,"11":0,"12":0,"13":0,"14":0,"15":0,"16":0,"17":0,"18":0,"19":0},"fnMap":{"1":{"name":"(anonymous_1)","line":8,"loc":{"start":{"line":8,"column":32},"end":{"line":8,"column":54}}},"2":{"name":"(anonymous_2)","line":11,"loc":{"start":{"line":11,"column":33},"end":{"line":11,"column":55}}},"3":{"name":"(anonymous_3)","line":27,"loc":{"start":{"line":27,"column":43},"end":{"line":27,"column":59}}},"4":{"name":"(anonymous_4)","line":30,"loc":{"start":{"line":30,"column":13},"end":{"line":30,"column":26}}},"5":{"name":"(anonymous_5)","line":35,"loc":{"start":{"line":35,"column":31},"end":{"line":35,"column":53}}},"6":{"name":"(anonymous_6)","line":36,"loc":{"start":{"line":36,"column":38},"end":{"line":36,"column":59}}},"7":{"name":"(anonymous_7)","line":40,"loc":{"start":{"line":40,"column":33},"end":{"line":40,"column":55}}},"8":{"name":"(anonymous_8)","line":42,"loc":{"start":{"line":42,"column":127},"end":{"line":42,"column":143}}},"9":{"name":"(anonymous_9)","line":54,"loc":{"start":{"line":54,"column":13},"end":{"line":54,"column":26}}},"10":{"name":"(anonymous_10)","line":59,"loc":{"start":{"line":59,"column":38},"end":{"line":59,"column":60}}},"11":{"name":"(anonymous_11)","line":62,"loc":{"start":{"line":62,"column":43},"end":{"line":62,"column":61}}},"12":{"name":"(anonymous_12)","line":74,"loc":{"start":{"line":74,"column":39},"end":{"line":74,"column":61}}},"13":{"name":"(anonymous_13)","line":91,"loc":{"start":{"line":91,"column":51},"end":{"line":91,"column":67}}},"14":{"name":"(anonymous_14)","line":94,"loc":{"start":{"line":94,"column":13},"end":{"line":94,"column":26}}},"15":{"name":"(anonymous_15)","line":99,"loc":{"start":{"line":99,"column":40},"end":{"line":99,"column":62}}},"16":{"name":"(anonymous_16)","line":102,"loc":{"start":{"line":102,"column":43},"end":{"line":102,"column":60}}},"17":{"name":"(anonymous_17)","line":114,"loc":{"start":{"line":114,"column":44},"end":{"line":114,"column":60}}},"18":{"name":"(anonymous_18)","line":122,"loc":{"start":{"line":122,"column":17},"end":{"line":122,"column":30}}},"19":{"name":"(anonymous_19)","line":126,"loc":{"start":{"line":126,"column":13},"end":{"line":126,"column":26}}}},"statementMap":{"1":{"start":{"line":1,"column":0},"end":{"line":1,"column":33}},"2":{"start":{"line":2,"column":0},"end":{"line":2,"column":30}},"3":{"start":{"line":3,"column":0},"end":{"line":3,"column":27}},"4":{"start":{"line":4,"column":0},"end":{"line":4,"column":61}},"5":{"start":{"line":5,"column":0},"end":{"line":5,"column":46}},"6":{"start":{"line":6,"column":0},"end":{"line":6,"column":51}},"7":{"start":{"line":8,"column":0},"end":{"line":10,"column":2}},"8":{"start":{"line":9,"column":4},"end":{"line":9,"column":25}},"9":{"start":{"line":11,"column":0},"end":{"line":34,"column":3}},"10":{"start":{"line":12,"column":4},"end":{"line":12,"column":32}},"11":{"start":{"line":13,"column":4},"end":{"line":13,"column":37}},"12":{"start":{"line":14,"column":4},"end":{"line":18,"column":5}},"13":{"start":{"line":19,"column":4},"end":{"line":26,"column":5}},"14":{"start":{"line":20,"column":7},"end":{"line":22,"column":8}},"15":{"start":{"line":21,"column":11},"end":{"line":21,"column":40}},"16":{"start":{"line":24,"column":7},"end":{"line":24,"column":38}},"17":{"start":{"line":25,"column":7},"end":{"line":25,"column":35}},"18":{"start":{"line":27,"column":4},"end":{"line":33,"column":6}},"19":{"start":{"line":28,"column":7},"end":{"line":28,"column":37}},"20":{"start":{"line":29,"column":7},"end":{"line":29,"column":42}},"21":{"start":{"line":31,"column":7},"end":{"line":31,"column":38}},"22":{"start":{"line":32,"column":7},"end":{"line":32,"column":35}},"23":{"start":{"line":35,"column":0},"end":{"line":39,"column":3}},"24":{"start":{"line":36,"column":4},"end":{"line":38,"column":7}},"25":{"start":{"line":37,"column":8},"end":{"line":37,"column":60}},"26":{"start":{"line":40,"column":0},"end":{"line":58,"column":3}},"27":{"start":{"line":41,"column":4},"end":{"line":41,"column":51}},"28":{"start":{"line":42,"column":4},"end":{"line":57,"column":7}},"29":{"start":{"line":43,"column":8},"end":{"line":43,"column":37}},"30":{"start":{"line":44,"column":8},"end":{"line":44,"column":33}},"31":{"start":{"line":45,"column":8},"end":{"line":49,"column":9}},"32":{"start":{"line":46,"column":12},"end":{"line":48,"column":15}},"33":{"start":{"line":47,"column":16},"end":{"line":47,"column":120}},"34":{"start":{"line":50,"column":8},"end":{"line":52,"column":9}},"35":{"start":{"line":51,"column":12},"end":{"line":51,"column":37}},"36":{"start":{"line":53,"column":8},"end":{"line":53,"column":78}},"37":{"start":{"line":55,"column":8},"end":{"line":55,"column":39}},"38":{"start":{"line":56,"column":8},"end":{"line":56,"column":43}},"39":{"start":{"line":59,"column":0},"end":{"line":73,"column":3}},"40":{"start":{"line":60,"column":4},"end":{"line":60,"column":51}},"41":{"start":{"line":61,"column":4},"end":{"line":61,"column":40}},"42":{"start":{"line":62,"column":4},"end":{"line":72,"column":6}},"43":{"start":{"line":63,"column":8},"end":{"line":65,"column":9}},"44":{"start":{"line":64,"column":12},"end":{"line":64,"column":38}},"45":{"start":{"line":66,"column":8},"end":{"line":68,"column":9}},"46":{"start":{"line":67,"column":12},"end":{"line":67,"column":36}},"47":{"start":{"line":69,"column":8},"end":{"line":71,"column":10}},"48":{"start":{"line":74,"column":0},"end":{"line":98,"column":3}},"49":{"start":{"line":75,"column":4},"end":{"line":75,"column":51}},"50":{"start":{"line":76,"column":4},"end":{"line":76,"column":32}},"51":{"start":{"line":77,"column":4},"end":{"line":77,"column":37}},"52":{"start":{"line":78,"column":4},"end":{"line":82,"column":5}},"53":{"start":{"line":83,"column":4},"end":{"line":90,"column":5}},"54":{"start":{"line":84,"column":7},"end":{"line":86,"column":8}},"55":{"start":{"line":85,"column":11},"end":{"line":85,"column":40}},"56":{"start":{"line":88,"column":7},"end":{"line":88,"column":38}},"57":{"start":{"line":89,"column":7},"end":{"line":89,"column":35}},"58":{"start":{"line":91,"column":4},"end":{"line":97,"column":6}},"59":{"start":{"line":92,"column":8},"end":{"line":92,"column":38}},"60":{"start":{"line":93,"column":8},"end":{"line":93,"column":43}},"61":{"start":{"line":95,"column":8},"end":{"line":95,"column":39}},"62":{"start":{"line":96,"column":8},"end":{"line":96,"column":36}},"63":{"start":{"line":99,"column":0},"end":{"line":130,"column":2}},"64":{"start":{"line":100,"column":4},"end":{"line":100,"column":51}},"65":{"start":{"line":101,"column":4},"end":{"line":101,"column":40}},"66":{"start":{"line":102,"column":4},"end":{"line":129,"column":6}},"67":{"start":{"line":103,"column":8},"end":{"line":113,"column":9}},"68":{"start":{"line":104,"column":12},"end":{"line":106,"column":13}},"69":{"start":{"line":105,"column":16},"end":{"line":105,"column":42}},"70":{"start":{"line":107,"column":12},"end":{"line":109,"column":13}},"71":{"start":{"line":108,"column":16},"end":{"line":108,"column":40}},"72":{"start":{"line":111,"column":12},"end":{"line":111,"column":43}},"73":{"start":{"line":112,"column":11},"end":{"line":112,"column":39}},"74":{"start":{"line":114,"column":8},"end":{"line":125,"column":10}},"75":{"start":{"line":115,"column":12},"end":{"line":121,"column":14}},"76":{"start":{"line":116,"column":16},"end":{"line":116,"column":46}},"77":{"start":{"line":117,"column":16},"end":{"line":117,"column":51}},"78":{"start":{"line":119,"column":16},"end":{"line":119,"column":47}},"79":{"start":{"line":120,"column":16},"end":{"line":120,"column":44}},"80":{"start":{"line":123,"column":12},"end":{"line":123,"column":43}},"81":{"start":{"line":124,"column":12},"end":{"line":124,"column":40}},"82":{"start":{"line":127,"column":8},"end":{"line":127,"column":39}},"83":{"start":{"line":128,"column":8},"end":{"line":128,"column":36}},"84":{"start":{"line":132,"column":0},"end":{"line":132,"column":24}}},"branchMap":{"1":{"line":20,"type":"if","locations":[{"start":{"line":20,"column":7},"end":{"line":20,"column":7}},{"start":{"line":20,"column":7},"end":{"line":20,"column":7}}]},"2":{"line":20,"type":"binary-expr","locations":[{"start":{"line":20,"column":10},"end":{"line":20,"column":16}},{"start":{"line":20,"column":20},"end":{"line":20,"column":28}}]},"3":{"line":41,"type":"binary-expr","locations":[{"start":{"line":41,"column":19},"end":{"line":41,"column":29}},{"start":{"line":41,"column":33},"end":{"line":41,"column":50}}]},"4":{"line":45,"type":"if","locations":[{"start":{"line":45,"column":8},"end":{"line":45,"column":8}},{"start":{"line":45,"column":8},"end":{"line":45,"column":8}}]},"5":{"line":45,"type":"binary-expr","locations":[{"start":{"line":45,"column":11},"end":{"line":45,"column":19}},{"start":{"line":45,"column":23},"end":{"line":45,"column":42}}]},"6":{"line":47,"type":"cond-expr","locations":[{"start":{"line":47,"column":58},"end":{"line":47,"column":98}},{"start":{"line":47,"column":100},"end":{"line":47,"column":119}}]},"7":{"line":50,"type":"if","locations":[{"start":{"line":50,"column":8},"end":{"line":50,"column":8}},{"start":{"line":50,"column":8},"end":{"line":50,"column":8}}]},"8":{"line":60,"type":"binary-expr","locations":[{"start":{"line":60,"column":19},"end":{"line":60,"column":29}},{"start":{"line":60,"column":33},"end":{"line":60,"column":50}}]},"9":{"line":63,"type":"if","locations":[{"start":{"line":63,"column":8},"end":{"line":63,"column":8}},{"start":{"line":63,"column":8},"end":{"line":63,"column":8}}]},"10":{"line":66,"type":"if","locations":[{"start":{"line":66,"column":8},"end":{"line":66,"column":8}},{"start":{"line":66,"column":8},"end":{"line":66,"column":8}}]},"11":{"line":75,"type":"binary-expr","locations":[{"start":{"line":75,"column":19},"end":{"line":75,"column":29}},{"start":{"line":75,"column":33},"end":{"line":75,"column":50}}]},"12":{"line":84,"type":"if","locations":[{"start":{"line":84,"column":7},"end":{"line":84,"column":7}},{"start":{"line":84,"column":7},"end":{"line":84,"column":7}}]},"13":{"line":84,"type":"binary-expr","locations":[{"start":{"line":84,"column":10},"end":{"line":84,"column":16}},{"start":{"line":84,"column":20},"end":{"line":84,"column":28}}]},"14":{"line":100,"type":"binary-expr","locations":[{"start":{"line":100,"column":19},"end":{"line":100,"column":29}},{"start":{"line":100,"column":33},"end":{"line":100,"column":50}}]},"15":{"line":104,"type":"if","locations":[{"start":{"line":104,"column":12},"end":{"line":104,"column":12}},{"start":{"line":104,"column":12},"end":{"line":104,"column":12}}]},"16":{"line":107,"type":"if","locations":[{"start":{"line":107,"column":12},"end":{"line":107,"column":12}},{"start":{"line":107,"column":12},"end":{"line":107,"column":12}}]}}},"/Users/xw/Documents/myBlog/middlewares/check.js":{"path":"/Users/xw/Documents/myBlog/middlewares/check.js","s":{"1":1,"2":1,"3":0,"4":0,"5":1,"6":7,"7":0,"8":0,"9":7},"b":{"1":[0,1],"2":[0,7]},"f":{"1":1,"2":7},"fnMap":{"1":{"name":"(anonymous_1)","line":2,"loc":{"start":{"line":2,"column":15},"end":{"line":2,"column":37}}},"2":{"name":"(anonymous_2)","line":9,"loc":{"start":{"line":9,"column":18},"end":{"line":9,"column":40}}}},"statementMap":{"1":{"start":{"line":1,"column":0},"end":{"line":16,"column":2}},"2":{"start":{"line":3,"column":8},"end":{"line":6,"column":9}},"3":{"start":{"line":4,"column":12},"end":{"line":4,"column":38}},"4":{"start":{"line":5,"column":12},"end":{"line":5,"column":43}},"5":{"start":{"line":7,"column":8},"end":{"line":7,"column":15}},"6":{"start":{"line":10,"column":8},"end":{"line":13,"column":9}},"7":{"start":{"line":11,"column":12},"end":{"line":11,"column":37}},"8":{"start":{"line":12,"column":12},"end":{"line":12,"column":40}},"9":{"start":{"line":14,"column":8},"end":{"line":14,"column":15}}},"branchMap":{"1":{"line":3,"type":"if","locations":[{"start":{"line":3,"column":8},"end":{"line":3,"column":8}},{"start":{"line":3,"column":8},"end":{"line":3,"column":8}}]},"2":{"line":10,"type":"if","locations":[{"start":{"line":10,"column":8},"end":{"line":10,"column":8}},{"start":{"line":10,"column":8},"end":{"line":10,"column":8}}]}}},"/Users/xw/Documents/myBlog/lib/mongdb.js":{"path":"/Users/xw/Documents/myBlog/lib/mongdb.js","s":{"1":1,"2":1,"3":1,"4":1,"5":1,"6":1,"7":1,"8":1,"9":1,"10":6,"11":1,"12":0,"13":0,"14":0,"15":1,"16":1,"17":1,"18":1,"19":1,"20":1},"b":{"1":[0,0]},"f":{"1":1,"2":6,"3":0},"fnMap":{"1":{"name":"(anonymous_1)","line":11,"loc":{"start":{"line":11,"column":13},"end":{"line":11,"column":30}}},"2":{"name":"(anonymous_2)","line":12,"loc":{"start":{"line":12,"column":23},"end":{"line":12,"column":37}}},"3":{"name":"(anonymous_3)","line":17,"loc":{"start":{"line":17,"column":16},"end":{"line":17,"column":32}}}},"statementMap":{"1":{"start":{"line":1,"column":0},"end":{"line":1,"column":49}},"2":{"start":{"line":2,"column":0},"end":{"line":2,"column":39}},"3":{"start":{"line":3,"column":0},"end":{"line":3,"column":34}},"4":{"start":{"line":4,"column":0},"end":{"line":4,"column":33}},"5":{"start":{"line":5,"column":0},"end":{"line":5,"column":61}},"6":{"start":{"line":6,"column":0},"end":{"line":6,"column":31}},"7":{"start":{"line":7,"column":0},"end":{"line":7,"column":34}},"8":{"start":{"line":10,"column":0},"end":{"line":23,"column":3}},"9":{"start":{"line":12,"column":7},"end":{"line":14,"column":10}},"10":{"start":{"line":13,"column":11},"end":{"line":13,"column":96}},"11":{"start":{"line":15,"column":7},"end":{"line":15,"column":22}},"12":{"start":{"line":18,"column":7},"end":{"line":20,"column":8}},"13":{"start":{"line":19,"column":11},"end":{"line":19,"column":100}},"14":{"start":{"line":21,"column":7},"end":{"line":21,"column":21}},"15":{"start":{"line":25,"column":0},"end":{"line":31,"column":3}},"16":{"start":{"line":32,"column":0},"end":{"line":32,"column":50}},"17":{"start":{"line":34,"column":0},"end":{"line":39,"column":2}},"18":{"start":{"line":40,"column":0},"end":{"line":40,"column":46}},"19":{"start":{"line":42,"column":0},"end":{"line":46,"column":3}},"20":{"start":{"line":47,"column":0},"end":{"line":47,"column":47}}},"branchMap":{"1":{"line":18,"type":"if","locations":[{"start":{"line":18,"column":7},"end":{"line":18,"column":7}},{"start":{"line":18,"column":7},"end":{"line":18,"column":7}}]}}},"/Users/xw/Documents/myBlog/models/user.js":{"path":"/Users/xw/Documents/myBlog/models/user.js","s":{"1":1,"2":1,"3":2,"4":0},"b":{},"f":{"1":2,"2":0},"fnMap":{"1":{"name":"create","line":4,"loc":{"start":{"line":4,"column":11},"end":{"line":4,"column":32}}},"2":{"name":"findUserByName","line":7,"loc":{"start":{"line":7,"column":19},"end":{"line":7,"column":48}}}},"statementMap":{"1":{"start":{"line":1,"column":0},"end":{"line":1,"column":45}},"2":{"start":{"line":3,"column":0},"end":{"line":12,"column":1}},"3":{"start":{"line":5,"column":8},"end":{"line":5,"column":40}},"4":{"start":{"line":8,"column":8},"end":{"line":10,"column":33}}},"branchMap":{}},"/Users/xw/Documents/myBlog/routes/signOut.js":{"path":"/Users/xw/Documents/myBlog/routes/signOut.js","s":{"1":1,"2":1,"3":1,"4":1,"5":0,"6":0,"7":0,"8":1},"b":{},"f":{"1":0},"fnMap":{"1":{"name":"(anonymous_1)","line":5,"loc":{"start":{"line":5,"column":26},"end":{"line":5,"column":48}}}},"statementMap":{"1":{"start":{"line":1,"column":0},"end":{"line":1,"column":33}},"2":{"start":{"line":2,"column":0},"end":{"line":2,"column":30}},"3":{"start":{"line":3,"column":0},"end":{"line":3,"column":61}},"4":{"start":{"line":5,"column":0},"end":{"line":9,"column":2}},"5":{"start":{"line":6,"column":4},"end":{"line":6,"column":28}},"6":{"start":{"line":7,"column":4},"end":{"line":7,"column":34}},"7":{"start":{"line":8,"column":4},"end":{"line":8,"column":35}},"8":{"start":{"line":11,"column":0},"end":{"line":11,"column":24}}},"branchMap":{}},"/Users/xw/Documents/myBlog/routes/signUp.js":{"path":"/Users/xw/Documents/myBlog/routes/signUp.js","s":{"1":1,"2":1,"3":1,"4":1,"5":1,"6":1,"7":1,"8":1,"9":3,"10":1,"11":4,"12":4,"13":4,"14":4,"15":4,"16":4,"17":4,"18":4,"19":1,"20":3,"21":1,"22":2,"23":0,"24":2,"25":0,"26":2,"27":2,"28":2,"29":2,"30":2,"31":2,"32":1,"33":1,"34":1,"35":1,"36":1,"37":1,"38":1,"39":1,"40":1,"41":0,"42":1},"b":{"1":[1,3],"2":[4,3],"3":[1,2],"4":[3,2,2,2],"5":[0,2],"6":[0,2],"7":[1,0]},"f":{"1":3,"2":4},"fnMap":{"1":{"name":"(anonymous_1)","line":9,"loc":{"start":{"line":9,"column":29},"end":{"line":9,"column":51}}},"2":{"name":"(anonymous_2)","line":13,"loc":{"start":{"line":13,"column":30},"end":{"line":13,"column":52}}}},"statementMap":{"1":{"start":{"line":1,"column":0},"end":{"line":1,"column":35}},"2":{"start":{"line":2,"column":0},"end":{"line":2,"column":32}},"3":{"start":{"line":3,"column":0},"end":{"line":3,"column":25}},"4":{"start":{"line":4,"column":0},"end":{"line":4,"column":29}},"5":{"start":{"line":5,"column":0},"end":{"line":5,"column":46}},"6":{"start":{"line":6,"column":0},"end":{"line":6,"column":29}},"7":{"start":{"line":7,"column":0},"end":{"line":7,"column":66}},"8":{"start":{"line":9,"column":0},"end":{"line":11,"column":3}},"9":{"start":{"line":10,"column":4},"end":{"line":10,"column":25}},"10":{"start":{"line":13,"column":0},"end":{"line":60,"column":3}},"11":{"start":{"line":14,"column":4},"end":{"line":14,"column":31}},"12":{"start":{"line":15,"column":4},"end":{"line":15,"column":38}},"13":{"start":{"line":16,"column":4},"end":{"line":16,"column":43}},"14":{"start":{"line":17,"column":4},"end":{"line":17,"column":35}},"15":{"start":{"line":18,"column":4},"end":{"line":18,"column":29}},"16":{"start":{"line":19,"column":4},"end":{"line":19,"column":61}},"17":{"start":{"line":20,"column":4},"end":{"line":37,"column":6}},"18":{"start":{"line":21,"column":8},"end":{"line":23,"column":9}},"19":{"start":{"line":22,"column":12},"end":{"line":22,"column":47}},"20":{"start":{"line":24,"column":8},"end":{"line":26,"column":9}},"21":{"start":{"line":25,"column":12},"end":{"line":25,"column":56}},"22":{"start":{"line":27,"column":8},"end":{"line":29,"column":9}},"23":{"start":{"line":28,"column":12},"end":{"line":28,"column":39}},"24":{"start":{"line":30,"column":8},"end":{"line":32,"column":9}},"25":{"start":{"line":31,"column":12},"end":{"line":31,"column":48}},"26":{"start":{"line":34,"column":9},"end":{"line":34,"column":46}},"27":{"start":{"line":35,"column":9},"end":{"line":35,"column":40}},"28":{"start":{"line":36,"column":9},"end":{"line":36,"column":40}},"29":{"start":{"line":38,"column":5},"end":{"line":38,"column":31}},"30":{"start":{"line":39,"column":5},"end":{"line":45,"column":6}},"31":{"start":{"line":46,"column":5},"end":{"line":59,"column":7}},"32":{"start":{"line":47,"column":9},"end":{"line":47,"column":36}},"33":{"start":{"line":48,"column":9},"end":{"line":48,"column":33}},"34":{"start":{"line":49,"column":9},"end":{"line":49,"column":30}},"35":{"start":{"line":50,"column":9},"end":{"line":50,"column":37}},"36":{"start":{"line":51,"column":9},"end":{"line":51,"column":27}},"37":{"start":{"line":53,"column":9},"end":{"line":53,"column":46}},"38":{"start":{"line":54,"column":8},"end":{"line":57,"column":9}},"39":{"start":{"line":55,"column":12},"end":{"line":55,"column":39}},"40":{"start":{"line":56,"column":12},"end":{"line":56,"column":43}},"41":{"start":{"line":58,"column":8},"end":{"line":58,"column":17}},"42":{"start":{"line":62,"column":0},"end":{"line":62,"column":24}}},"branchMap":{"1":{"line":21,"type":"if","locations":[{"start":{"line":21,"column":8},"end":{"line":21,"column":8}},{"start":{"line":21,"column":8},"end":{"line":21,"column":8}}]},"2":{"line":21,"type":"binary-expr","locations":[{"start":{"line":21,"column":11},"end":{"line":21,"column":26}},{"start":{"line":21,"column":30},"end":{"line":21,"column":46}}]},"3":{"line":24,"type":"if","locations":[{"start":{"line":24,"column":8},"end":{"line":24,"column":8}},{"start":{"line":24,"column":8},"end":{"line":24,"column":8}}]},"4":{"line":24,"type":"binary-expr","locations":[{"start":{"line":24,"column":11},"end":{"line":24,"column":20}},{"start":{"line":24,"column":24},"end":{"line":24,"column":35}},{"start":{"line":24,"column":39},"end":{"line":24,"column":58}},{"start":{"line":24,"column":62},"end":{"line":24,"column":83}}]},"5":{"line":27,"type":"if","locations":[{"start":{"line":27,"column":8},"end":{"line":27,"column":8}},{"start":{"line":27,"column":8},"end":{"line":27,"column":8}}]},"6":{"line":30,"type":"if","locations":[{"start":{"line":30,"column":8},"end":{"line":30,"column":8}},{"start":{"line":30,"column":8},"end":{"line":30,"column":8}}]},"7":{"line":54,"type":"if","locations":[{"start":{"line":54,"column":8},"end":{"line":54,"column":8}},{"start":{"line":54,"column":8},"end":{"line":54,"column":8}}]}}},"/Users/xw/Documents/myBlog/routes/comments.js":{"path":"/Users/xw/Documents/myBlog/routes/comments.js","s":{"1":1,"2":1,"3":1,"4":1,"5":1,"6":0,"7":0,"8":0,"9":0,"10":0,"11":0,"12":0,"13":0,"14":0,"15":0,"16":0,"17":0,"18":0,"19":1,"20":0,"21":0,"22":0,"23":0,"24":0,"25":0,"26":0,"27":0,"28":0,"29":0,"30":0,"31":0,"32":0,"33":0,"34":1},"b":{"1":[0,0],"2":[0,0],"3":[0,0],"4":[0,0]},"f":{"1":0,"2":0,"3":0,"4":0},"fnMap":{"1":{"name":"(anonymous_1)","line":7,"loc":{"start":{"line":7,"column":22},"end":{"line":7,"column":44}}},"2":{"name":"(anonymous_2)","line":19,"loc":{"start":{"line":19,"column":62},"end":{"line":19,"column":78}}},"3":{"name":"(anonymous_3)","line":22,"loc":{"start":{"line":22,"column":13},"end":{"line":22,"column":26}}},"4":{"name":"(anonymous_4)","line":27,"loc":{"start":{"line":27,"column":32},"end":{"line":27,"column":54}}}},"statementMap":{"1":{"start":{"line":1,"column":0},"end":{"line":1,"column":33}},"2":{"start":{"line":2,"column":0},"end":{"line":2,"column":30}},"3":{"start":{"line":3,"column":0},"end":{"line":3,"column":60}},"4":{"start":{"line":4,"column":0},"end":{"line":4,"column":51}},"5":{"start":{"line":7,"column":0},"end":{"line":26,"column":3}},"6":{"start":{"line":8,"column":4},"end":{"line":8,"column":37}},"7":{"start":{"line":9,"column":4},"end":{"line":9,"column":39}},"8":{"start":{"line":10,"column":4},"end":{"line":10,"column":40}},"9":{"start":{"line":11,"column":4},"end":{"line":18,"column":5}},"10":{"start":{"line":12,"column":8},"end":{"line":14,"column":9}},"11":{"start":{"line":13,"column":12},"end":{"line":13,"column":37}},"12":{"start":{"line":16,"column":8},"end":{"line":16,"column":40}},"13":{"start":{"line":17,"column":8},"end":{"line":17,"column":36}},"14":{"start":{"line":19,"column":4},"end":{"line":25,"column":7}},"15":{"start":{"line":20,"column":8},"end":{"line":20,"column":38}},"16":{"start":{"line":21,"column":8},"end":{"line":21,"column":36}},"17":{"start":{"line":23,"column":8},"end":{"line":23,"column":39}},"18":{"start":{"line":24,"column":8},"end":{"line":24,"column":36}},"19":{"start":{"line":27,"column":0},"end":{"line":49,"column":3}},"20":{"start":{"line":28,"column":4},"end":{"line":28,"column":57}},"21":{"start":{"line":29,"column":4},"end":{"line":48,"column":6}},"22":{"start":{"line":30,"column":8},"end":{"line":40,"column":9}},"23":{"start":{"line":31,"column":12},"end":{"line":33,"column":13}},"24":{"start":{"line":32,"column":16},"end":{"line":32,"column":41}},"25":{"start":{"line":34,"column":12},"end":{"line":36,"column":13}},"26":{"start":{"line":35,"column":16},"end":{"line":35,"column":46}},"27":{"start":{"line":38,"column":12},"end":{"line":38,"column":43}},"28":{"start":{"line":39,"column":12},"end":{"line":39,"column":33}},"29":{"start":{"line":41,"column":8},"end":{"line":47,"column":10}},"30":{"start":{"line":42,"column":12},"end":{"line":42,"column":42}},"31":{"start":{"line":43,"column":12},"end":{"line":43,"column":33}},"32":{"start":{"line":45,"column":12},"end":{"line":45,"column":44}},"33":{"start":{"line":46,"column":12},"end":{"line":46,"column":33}},"34":{"start":{"line":50,"column":0},"end":{"line":50,"column":24}}},"branchMap":{"1":{"line":12,"type":"if","locations":[{"start":{"line":12,"column":8},"end":{"line":12,"column":8}},{"start":{"line":12,"column":8},"end":{"line":12,"column":8}}]},"2":{"line":28,"type":"binary-expr","locations":[{"start":{"line":28,"column":22},"end":{"line":28,"column":32}},{"start":{"line":28,"column":36},"end":{"line":28,"column":56}}]},"3":{"line":31,"type":"if","locations":[{"start":{"line":31,"column":12},"end":{"line":31,"column":12}},{"start":{"line":31,"column":12},"end":{"line":31,"column":12}}]},"4":{"line":34,"type":"if","locations":[{"start":{"line":34,"column":12},"end":{"line":34,"column":12}},{"start":{"line":34,"column":12},"end":{"line":34,"column":12}}]}}}}